e:\workspace\reconstruction\easy3d-main\build\easy3d\algo\easy3d_algo.dir\release\surface_mesh_remeshing.obj
e:\workspace\reconstruction\easy3d-main\build\easy3d\algo\easy3d_algo.dir\release\surface_mesh_polygonization.obj
e:\workspace\reconstruction\easy3d-main\build\easy3d\algo\easy3d_algo.dir\release\surface_mesh_parameterization.obj
e:\workspace\reconstruction\easy3d-main\build\easy3d\algo\easy3d_algo.dir\release\surface_mesh_hole_filling.obj
e:\workspace\reconstruction\easy3d-main\build\easy3d\algo\easy3d_algo.dir\release\surface_mesh_geodesic.obj
e:\workspace\reconstruction\easy3d-main\build\easy3d\algo\easy3d_algo.dir\release\surface_mesh_features.obj
e:\workspace\reconstruction\easy3d-main\build\easy3d\algo\easy3d_algo.dir\release\surface_mesh_fairing.obj
e:\workspace\reconstruction\easy3d-main\build\easy3d\algo\easy3d_algo.dir\release\surface_mesh_enumerator.obj
e:\workspace\reconstruction\easy3d-main\build\easy3d\algo\easy3d_algo.dir\release\surface_mesh_curvature.obj
e:\workspace\reconstruction\easy3d-main\build\easy3d\algo\easy3d_algo.dir\release\surface_mesh_components.obj
e:\workspace\reconstruction\easy3d-main\build\easy3d\algo\easy3d_algo.dir\release\point_cloud_simplification.obj
e:\workspace\reconstruction\easy3d-main\build\easy3d\algo\easy3d_algo.dir\release\point_cloud_ransac.obj
e:\workspace\reconstruction\easy3d-main\build\easy3d\algo\easy3d_algo.dir\release\point_cloud_poisson_reconstruction.obj
e:\workspace\reconstruction\easy3d-main\build\easy3d\algo\easy3d_algo.dir\release\point_cloud_normals.obj
e:\workspace\reconstruction\easy3d-main\build\easy3d\algo\easy3d_algo.dir\release\gaussian_noise.obj
e:\workspace\reconstruction\easy3d-main\build\easy3d\algo\easy3d_algo.dir\release\surface_mesh_geometry.obj
e:\workspace\reconstruction\easy3d-main\build\easy3d\algo\easy3d_algo.dir\release\extrusion.obj
e:\workspace\reconstruction\easy3d-main\build\easy3d\algo\easy3d_algo.dir\release\delaunay_3d.obj
e:\workspace\reconstruction\easy3d-main\build\easy3d\algo\easy3d_algo.dir\release\delaunay_2d.obj
e:\workspace\reconstruction\easy3d-main\build\easy3d\algo\easy3d_algo.dir\release\delaunay.obj
e:\workspace\reconstruction\easy3d-main\build\easy3d\algo\easy3d_algo.dir\release\triangle_mesh_kdtree.obj
e:\workspace\reconstruction\easy3d-main\build\easy3d\algo\easy3d_algo.dir\release\text_mesher.obj
e:\workspace\reconstruction\easy3d-main\build\easy3d\algo\easy3d_algo.dir\release\tessellator.obj
e:\workspace\reconstruction\easy3d-main\build\easy3d\algo\easy3d_algo.dir\release\surface_mesh_triangulation.obj
e:\workspace\reconstruction\easy3d-main\build\easy3d\algo\easy3d_algo.dir\release\surface_mesh_topology.obj
e:\workspace\reconstruction\easy3d-main\build\easy3d\algo\easy3d_algo.dir\release\surface_mesh_tetrahedralization.obj
e:\workspace\reconstruction\easy3d-main\build\easy3d\algo\easy3d_algo.dir\release\surface_mesh_subdivision.obj
e:\workspace\reconstruction\easy3d-main\build\easy3d\algo\easy3d_algo.dir\release\surface_mesh_stitching.obj
e:\workspace\reconstruction\easy3d-main\build\easy3d\algo\easy3d_algo.dir\release\surface_mesh_smoothing.obj
e:\workspace\reconstruction\easy3d-main\build\easy3d\algo\easy3d_algo.dir\release\surface_mesh_simplification.obj
e:\workspace\reconstruction\easy3d-main\build\easy3d\algo\easy3d_algo.dir\release\surface_mesh_sampler.obj
e:\workspace\reconstruction\easy3d-main\build\easy3d\algo\cmakefiles\generate.stamp
e:\workspace\reconstruction\easy3d-main\build\lib\release\easy3d_algo.lib
e:\workspace\reconstruction\easy3d-main\build\easy3d\algo\easy3d_algo.dir\release\easy3d_algo.tlog\cl.command.1.tlog
e:\workspace\reconstruction\easy3d-main\build\easy3d\algo\easy3d_algo.dir\release\easy3d_algo.tlog\cl.read.1.tlog
e:\workspace\reconstruction\easy3d-main\build\easy3d\algo\easy3d_algo.dir\release\easy3d_algo.tlog\cl.write.1.tlog
e:\workspace\reconstruction\easy3d-main\build\easy3d\algo\easy3d_algo.dir\release\easy3d_algo.tlog\custombuild.command.1.tlog
e:\workspace\reconstruction\easy3d-main\build\easy3d\algo\easy3d_algo.dir\release\easy3d_algo.tlog\custombuild.read.1.tlog
e:\workspace\reconstruction\easy3d-main\build\easy3d\algo\easy3d_algo.dir\release\easy3d_algo.tlog\custombuild.write.1.tlog
e:\workspace\reconstruction\easy3d-main\build\easy3d\algo\easy3d_algo.dir\release\easy3d_algo.tlog\lib-link.read.1.tlog
e:\workspace\reconstruction\easy3d-main\build\easy3d\algo\easy3d_algo.dir\release\easy3d_algo.tlog\lib-link.write.1.tlog
e:\workspace\reconstruction\easy3d-main\build\easy3d\algo\easy3d_algo.dir\release\easy3d_algo.tlog\lib.command.1.tlog
