e:\workspace\reconstruction\easy3d-main\build\cmakefiles\generate.stamp
e:\workspace\reconstruction\easy3d-main\build\3rd_party\cmakefiles\generate.stamp
e:\workspace\reconstruction\easy3d-main\build\3rd_party\glew\cmakefiles\generate.stamp
e:\workspace\reconstruction\easy3d-main\build\3rd_party\glfw\cmakefiles\generate.stamp
e:\workspace\reconstruction\easy3d-main\build\3rd_party\glfw\src\cmakefiles\generate.stamp
e:\workspace\reconstruction\easy3d-main\build\3rd_party\imgui\cmakefiles\generate.stamp
e:\workspace\reconstruction\easy3d-main\build\3rd_party\rply\cmakefiles\generate.stamp
e:\workspace\reconstruction\easy3d-main\build\3rd_party\lastools\cmakefiles\generate.stamp
e:\workspace\reconstruction\easy3d-main\build\3rd_party\kdtree\cmakefiles\generate.stamp
e:\workspace\reconstruction\easy3d-main\build\3rd_party\ransac\cmakefiles\generate.stamp
e:\workspace\reconstruction\easy3d-main\build\3rd_party\poisson\cmakefiles\generate.stamp
e:\workspace\reconstruction\easy3d-main\build\3rd_party\triangle\cmakefiles\generate.stamp
e:\workspace\reconstruction\easy3d-main\build\3rd_party\tetgen\cmakefiles\generate.stamp
e:\workspace\reconstruction\easy3d-main\build\3rd_party\glutess\cmakefiles\generate.stamp
e:\workspace\reconstruction\easy3d-main\build\3rd_party\backward\cmakefiles\generate.stamp
e:\workspace\reconstruction\easy3d-main\build\3rd_party\easyloggingpp\cmakefiles\generate.stamp
e:\workspace\reconstruction\easy3d-main\build\easy3d\cmakefiles\generate.stamp
e:\workspace\reconstruction\easy3d-main\build\easy3d\util\cmakefiles\generate.stamp
e:\workspace\reconstruction\easy3d-main\build\easy3d\core\cmakefiles\generate.stamp
e:\workspace\reconstruction\easy3d-main\build\easy3d\fileio\cmakefiles\generate.stamp
e:\workspace\reconstruction\easy3d-main\build\easy3d\kdtree\cmakefiles\generate.stamp
e:\workspace\reconstruction\easy3d-main\build\easy3d\algo\cmakefiles\generate.stamp
e:\workspace\reconstruction\easy3d-main\build\easy3d\algo_ext\cmakefiles\generate.stamp
e:\workspace\reconstruction\easy3d-main\build\easy3d\renderer\cmakefiles\generate.stamp
e:\workspace\reconstruction\easy3d-main\build\easy3d\gui\cmakefiles\generate.stamp
e:\workspace\reconstruction\easy3d-main\build\easy3d\viewer\cmakefiles\generate.stamp
e:\workspace\reconstruction\easy3d-main\build\tutorials\cmakefiles\generate.stamp
e:\workspace\reconstruction\easy3d-main\build\tutorials\tutorial_101_pointcloud\cmakefiles\generate.stamp
e:\workspace\reconstruction\easy3d-main\build\tutorials\tutorial_102_pointcloud_property\cmakefiles\generate.stamp
e:\workspace\reconstruction\easy3d-main\build\tutorials\tutorial_103_pointcloud_io\cmakefiles\generate.stamp
e:\workspace\reconstruction\easy3d-main\build\tutorials\tutorial_104_surfacemesh\cmakefiles\generate.stamp
e:\workspace\reconstruction\easy3d-main\build\tutorials\tutorial_105_surfacemesh_connectivity\cmakefiles\generate.stamp
e:\workspace\reconstruction\easy3d-main\build\tutorials\tutorial_106_surfacemesh_property\cmakefiles\generate.stamp
e:\workspace\reconstruction\easy3d-main\build\tutorials\tutorial_107_surfacemesh_io\cmakefiles\generate.stamp
e:\workspace\reconstruction\easy3d-main\build\tutorials\tutorial_108_graph\cmakefiles\generate.stamp
e:\workspace\reconstruction\easy3d-main\build\tutorials\tutorial_109_graph_connectivity\cmakefiles\generate.stamp
e:\workspace\reconstruction\easy3d-main\build\tutorials\tutorial_110_graph_property\cmakefiles\generate.stamp
e:\workspace\reconstruction\easy3d-main\build\tutorials\tutorial_111_graph_io\cmakefiles\generate.stamp
e:\workspace\reconstruction\easy3d-main\build\tutorials\tutorial_112_polymesh\cmakefiles\generate.stamp
e:\workspace\reconstruction\easy3d-main\build\tutorials\tutorial_113_polymesh_connectivity\cmakefiles\generate.stamp
e:\workspace\reconstruction\easy3d-main\build\tutorials\tutorial_114_polymesh_property\cmakefiles\generate.stamp
e:\workspace\reconstruction\easy3d-main\build\tutorials\tutorial_115_polymesh_io\cmakefiles\generate.stamp
e:\workspace\reconstruction\easy3d-main\build\tutorials\tutorial_201_viewer_imgui\cmakefiles\generate.stamp
e:\workspace\reconstruction\easy3d-main\build\tutorials\tutorial_202_viewer_qt\cmakefiles\generate.stamp
e:\workspace\reconstruction\easy3d-main\build\tutorials\tutorial_203_compositeview\cmakefiles\generate.stamp
e:\workspace\reconstruction\easy3d-main\build\tutorials\tutorial_204_camerainterpolation\cmakefiles\generate.stamp
e:\workspace\reconstruction\easy3d-main\build\tutorials\tutorial_205_realcamera\cmakefiles\generate.stamp
e:\workspace\reconstruction\easy3d-main\build\tutorials\tutorial_301_drawables\cmakefiles\generate.stamp
e:\workspace\reconstruction\easy3d-main\build\tutorials\tutorial_302_imposters\cmakefiles\generate.stamp
e:\workspace\reconstruction\easy3d-main\build\tutorials\tutorial_303_scalarfield\cmakefiles\generate.stamp
e:\workspace\reconstruction\easy3d-main\build\tutorials\tutorial_304_vectorfield\cmakefiles\generate.stamp
e:\workspace\reconstruction\easy3d-main\build\tutorials\tutorial_305_texture\cmakefiles\generate.stamp
e:\workspace\reconstruction\easy3d-main\build\tutorials\tutorial_306_image\cmakefiles\generate.stamp
e:\workspace\reconstruction\easy3d-main\build\tutorials\tutorial_307_tessellator\cmakefiles\generate.stamp
e:\workspace\reconstruction\easy3d-main\build\tutorials\tutorial_308_texturedmesh\cmakefiles\generate.stamp
e:\workspace\reconstruction\easy3d-main\build\tutorials\tutorial_309_textrendering\cmakefiles\generate.stamp
e:\workspace\reconstruction\easy3d-main\build\tutorials\tutorial_310_textmesher\cmakefiles\generate.stamp
e:\workspace\reconstruction\easy3d-main\build\tutorials\tutorial_311_animation\cmakefiles\generate.stamp
e:\workspace\reconstruction\easy3d-main\build\tutorials\tutorial_401_modelpicker\cmakefiles\generate.stamp
e:\workspace\reconstruction\easy3d-main\build\tutorials\tutorial_402_facepicker\cmakefiles\generate.stamp
e:\workspace\reconstruction\easy3d-main\build\tutorials\tutorial_403_pointselection\cmakefiles\generate.stamp
e:\workspace\reconstruction\easy3d-main\build\tutorials\tutorial_501_ambientocclusion\cmakefiles\generate.stamp
e:\workspace\reconstruction\easy3d-main\build\tutorials\tutorial_502_hardshadow\cmakefiles\generate.stamp
e:\workspace\reconstruction\easy3d-main\build\tutorials\tutorial_503_softshadow\cmakefiles\generate.stamp
e:\workspace\reconstruction\easy3d-main\build\tutorials\tutorial_504_transparency\cmakefiles\generate.stamp
e:\workspace\reconstruction\easy3d-main\build\tutorials\tutorial_505_eyedomelighting\cmakefiles\generate.stamp
e:\workspace\reconstruction\easy3d-main\build\tutorials\tutorial_506_depthmaps\cmakefiles\generate.stamp
e:\workspace\reconstruction\easy3d-main\build\tutorials\tutorial_601_cloud_normalestimation\cmakefiles\generate.stamp
e:\workspace\reconstruction\easy3d-main\build\tutorials\tutorial_602_cloud_surfacereconstruction\cmakefiles\generate.stamp
e:\workspace\reconstruction\easy3d-main\build\tutorials\tutorial_603_cloud_planeextraction\cmakefiles\generate.stamp
e:\workspace\reconstruction\easy3d-main\build\applications\cmakefiles\generate.stamp
e:\workspace\reconstruction\easy3d-main\build\applications\mapple\cmakefiles\generate.stamp
e:\workspace\reconstruction\easy3d-main\build\win32\release\zero_check\zero_check.tlog\custombuild.command.1.tlog
e:\workspace\reconstruction\easy3d-main\build\win32\release\zero_check\zero_check.tlog\custombuild.read.1.tlog
e:\workspace\reconstruction\easy3d-main\build\win32\release\zero_check\zero_check.tlog\custombuild.write.1.tlog
