  Building Custom Rule E:/workspace/reconstruction/Easy3D-main/tutorials/Tutorial_501_AmbientOcclusion/CMakeLists.txt
  main.cpp
  Stack trace not available for this compiler
  viewer.cpp
  Stack trace not available for this compiler
E:\workspace\reconstruction\Easy3D-main\tutorials\Tutorial_501_AmbientOcclusion\viewer.cpp(149): warning C4244: “初始化”: 从“float”转换到“int”，可能丢失数据
E:\workspace\reconstruction\Easy3D-main\tutorials\Tutorial_501_AmbientOcclusion\viewer.cpp(149): warning C4244: “初始化”: 从“float”转换到“const int”，可能丢失数据
E:\workspace\reconstruction\Easy3D-main\tutorials\Tutorial_501_AmbientOcclusion\viewer.cpp(150): warning C4244: “初始化”: 从“float”转换到“int”，可能丢失数据
E:\workspace\reconstruction\Easy3D-main\tutorials\Tutorial_501_AmbientOcclusion\viewer.cpp(150): warning C4244: “初始化”: 从“float”转换到“const int”，可能丢失数据
E:\workspace\reconstruction\Easy3D-main\tutorials\Tutorial_501_AmbientOcclusion\viewer.cpp(151): warning C4244: “初始化”: 从“float”转换到“int”，可能丢失数据
E:\workspace\reconstruction\Easy3D-main\tutorials\Tutorial_501_AmbientOcclusion\viewer.cpp(151): warning C4244: “初始化”: 从“float”转换到“const int”，可能丢失数据
E:\workspace\reconstruction\Easy3D-main\tutorials\Tutorial_501_AmbientOcclusion\viewer.cpp(152): warning C4244: “初始化”: 从“float”转换到“int”，可能丢失数据
E:\workspace\reconstruction\Easy3D-main\tutorials\Tutorial_501_AmbientOcclusion\viewer.cpp(152): warning C4244: “初始化”: 从“float”转换到“const int”，可能丢失数据
E:\workspace\reconstruction\Easy3D-main\tutorials\Tutorial_501_AmbientOcclusion\viewer.cpp(153): warning C4244: “参数”: 从“int”转换到“FT”，可能丢失数据
          with
          [
              FT=float
          ]
E:\workspace\reconstruction\Easy3D-main\tutorials\Tutorial_501_AmbientOcclusion\viewer.cpp(153): warning C4244: “参数”: 从“const int”转换到“FT”，可能丢失数据
          with
          [
              FT=float
          ]
E:\workspace\reconstruction\Easy3D-main\tutorials\Tutorial_501_AmbientOcclusion\viewer.cpp(154): warning C4244: “参数”: 从“float”转换到“int”，可能丢失数据
E:\workspace\reconstruction\Easy3D-main\tutorials\Tutorial_501_AmbientOcclusion\viewer.cpp(155): warning C4244: “参数”: 从“float”转换到“int”，可能丢失数据
  正在生成代码...
  Tutorial_501_AmbientOcclusion.vcxproj -> E:\workspace\reconstruction\Easy3D-main\build\bin\Release\Tutorial_501_AmbientOcclusion.exe
