e:\workspace\reconstruction\easy3d-main\build\easy3d\fileio\easy3d_fileio.dir\release\poly_mesh_io_plm.obj
e:\workspace\reconstruction\easy3d-main\build\easy3d\fileio\easy3d_fileio.dir\release\poly_mesh_io_mesh.obj
e:\workspace\reconstruction\easy3d-main\build\easy3d\fileio\easy3d_fileio.dir\release\poly_mesh_io.obj
e:\workspace\reconstruction\easy3d-main\build\easy3d\fileio\easy3d_fileio.dir\release\surface_mesh_io_stl.obj
e:\workspace\reconstruction\easy3d-main\build\easy3d\fileio\easy3d_fileio.dir\release\surface_mesh_io_sm.obj
e:\workspace\reconstruction\easy3d-main\build\easy3d\fileio\easy3d_fileio.dir\release\surface_mesh_io_ply.obj
e:\workspace\reconstruction\easy3d-main\build\easy3d\fileio\easy3d_fileio.dir\release\surface_mesh_io_off.obj
e:\workspace\reconstruction\easy3d-main\build\easy3d\fileio\easy3d_fileio.dir\release\surface_mesh_io_obj.obj
e:\workspace\reconstruction\easy3d-main\build\easy3d\fileio\easy3d_fileio.dir\release\surface_mesh_io.obj
e:\workspace\reconstruction\easy3d-main\build\easy3d\fileio\easy3d_fileio.dir\release\point_cloud_io_xyz.obj
e:\workspace\reconstruction\easy3d-main\build\easy3d\fileio\easy3d_fileio.dir\release\point_cloud_io_vg.obj
e:\workspace\reconstruction\easy3d-main\build\easy3d\fileio\easy3d_fileio.dir\release\point_cloud_io_ptx.obj
e:\workspace\reconstruction\easy3d-main\build\easy3d\fileio\easy3d_fileio.dir\release\point_cloud_io_ply.obj
e:\workspace\reconstruction\easy3d-main\build\easy3d\fileio\easy3d_fileio.dir\release\point_cloud_io_las.obj
e:\workspace\reconstruction\easy3d-main\build\easy3d\fileio\easy3d_fileio.dir\release\point_cloud_io_bin.obj
e:\workspace\reconstruction\easy3d-main\build\easy3d\fileio\easy3d_fileio.dir\release\point_cloud_io.obj
e:\workspace\reconstruction\easy3d-main\build\easy3d\fileio\easy3d_fileio.dir\release\ply_reader_writer.obj
e:\workspace\reconstruction\easy3d-main\build\easy3d\fileio\easy3d_fileio.dir\release\graph_io_ply.obj
e:\workspace\reconstruction\easy3d-main\build\easy3d\fileio\easy3d_fileio.dir\release\graph_io.obj
e:\workspace\reconstruction\easy3d-main\build\easy3d\fileio\easy3d_fileio.dir\release\image_io.obj
e:\workspace\reconstruction\easy3d-main\build\easy3d\fileio\easy3d_fileio.dir\release\resources.obj
e:\workspace\reconstruction\easy3d-main\build\easy3d\fileio\easy3d_fileio.dir\release\poly_mesh_io_pm.obj
e:\workspace\reconstruction\easy3d-main\build\easy3d\fileio\cmakefiles\generate.stamp
e:\workspace\reconstruction\easy3d-main\build\lib\release\easy3d_fileio.lib
e:\workspace\reconstruction\easy3d-main\build\easy3d\fileio\easy3d_fileio.dir\release\easy3d_fileio.tlog\cl.command.1.tlog
e:\workspace\reconstruction\easy3d-main\build\easy3d\fileio\easy3d_fileio.dir\release\easy3d_fileio.tlog\cl.read.1.tlog
e:\workspace\reconstruction\easy3d-main\build\easy3d\fileio\easy3d_fileio.dir\release\easy3d_fileio.tlog\cl.write.1.tlog
e:\workspace\reconstruction\easy3d-main\build\easy3d\fileio\easy3d_fileio.dir\release\easy3d_fileio.tlog\custombuild.command.1.tlog
e:\workspace\reconstruction\easy3d-main\build\easy3d\fileio\easy3d_fileio.dir\release\easy3d_fileio.tlog\custombuild.read.1.tlog
e:\workspace\reconstruction\easy3d-main\build\easy3d\fileio\easy3d_fileio.dir\release\easy3d_fileio.tlog\custombuild.write.1.tlog
e:\workspace\reconstruction\easy3d-main\build\easy3d\fileio\easy3d_fileio.dir\release\easy3d_fileio.tlog\lib-link.read.1.tlog
e:\workspace\reconstruction\easy3d-main\build\easy3d\fileio\easy3d_fileio.dir\release\easy3d_fileio.tlog\lib-link.write.1.tlog
e:\workspace\reconstruction\easy3d-main\build\easy3d\fileio\easy3d_fileio.dir\release\easy3d_fileio.tlog\lib.command.1.tlog
