e:\workspace\reconstruction\easy3d-main\build\easy3d\renderer\easy3d_renderer.dir\release\opengl_info.obj
e:\workspace\reconstruction\easy3d-main\build\easy3d\renderer\easy3d_renderer.dir\release\opengl_error.obj
e:\workspace\reconstruction\easy3d-main\build\easy3d\renderer\easy3d_renderer.dir\release\manipulated_frame.obj
e:\workspace\reconstruction\easy3d-main\build\easy3d\renderer\easy3d_renderer.dir\release\manipulated_camera_frame.obj
e:\workspace\reconstruction\easy3d-main\build\easy3d\renderer\easy3d_renderer.dir\release\manipulator.obj
e:\workspace\reconstruction\easy3d-main\build\easy3d\renderer\easy3d_renderer.dir\release\key_frame_interpolator.obj
e:\workspace\reconstruction\easy3d-main\build\easy3d\renderer\easy3d_renderer.dir\release\frustum.obj
e:\workspace\reconstruction\easy3d-main\build\easy3d\renderer\easy3d_renderer.dir\release\framebuffer_object.obj
e:\workspace\reconstruction\easy3d-main\build\easy3d\renderer\easy3d_renderer.dir\release\frame.obj
e:\workspace\reconstruction\easy3d-main\build\easy3d\renderer\easy3d_renderer.dir\release\eye_dome_lighting.obj
e:\workspace\reconstruction\easy3d-main\build\easy3d\renderer\easy3d_renderer.dir\release\dual_depth_peeling.obj
e:\workspace\reconstruction\easy3d-main\build\easy3d\renderer\easy3d_renderer.dir\release\drawable_triangles.obj
e:\workspace\reconstruction\easy3d-main\build\easy3d\renderer\easy3d_renderer.dir\release\drawable_points.obj
e:\workspace\reconstruction\easy3d-main\build\easy3d\renderer\easy3d_renderer.dir\release\drawable_lines.obj
e:\workspace\reconstruction\easy3d-main\build\easy3d\renderer\easy3d_renderer.dir\release\drawable.obj
e:\workspace\reconstruction\easy3d-main\build\easy3d\renderer\easy3d_renderer.dir\release\constraint.obj
e:\workspace\reconstruction\easy3d-main\build\easy3d\renderer\easy3d_renderer.dir\release\clipping_plane.obj
e:\workspace\reconstruction\easy3d-main\build\easy3d\renderer\easy3d_renderer.dir\release\camera.obj
e:\workspace\reconstruction\easy3d-main\build\easy3d\renderer\easy3d_renderer.dir\release\average_color_blending.obj
e:\workspace\reconstruction\easy3d-main\build\easy3d\renderer\easy3d_renderer.dir\release\ambient_occlusion.obj
e:\workspace\reconstruction\easy3d-main\build\easy3d\renderer\easy3d_renderer.dir\release\vertex_array_object.obj
e:\workspace\reconstruction\easy3d-main\build\easy3d\renderer\easy3d_renderer.dir\release\transform_decompose.obj
e:\workspace\reconstruction\easy3d-main\build\easy3d\renderer\easy3d_renderer.dir\release\transform.obj
e:\workspace\reconstruction\easy3d-main\build\easy3d\renderer\easy3d_renderer.dir\release\text_renderer.obj
e:\workspace\reconstruction\easy3d-main\build\easy3d\renderer\easy3d_renderer.dir\release\texture_manager.obj
e:\workspace\reconstruction\easy3d-main\build\easy3d\renderer\easy3d_renderer.dir\release\texture.obj
e:\workspace\reconstruction\easy3d-main\build\easy3d\renderer\easy3d_renderer.dir\release\state.obj
e:\workspace\reconstruction\easy3d-main\build\easy3d\renderer\easy3d_renderer.dir\release\soft_shadow.obj
e:\workspace\reconstruction\easy3d-main\build\easy3d\renderer\easy3d_renderer.dir\release\shadow.obj
e:\workspace\reconstruction\easy3d-main\build\easy3d\renderer\easy3d_renderer.dir\release\shader_program.obj
e:\workspace\reconstruction\easy3d-main\build\easy3d\renderer\easy3d_renderer.dir\release\shader_manager.obj
e:\workspace\reconstruction\easy3d-main\build\easy3d\renderer\easy3d_renderer.dir\release\setting.obj
e:\workspace\reconstruction\easy3d-main\build\easy3d\renderer\easy3d_renderer.dir\release\renderer.obj
e:\workspace\reconstruction\easy3d-main\build\easy3d\renderer\easy3d_renderer.dir\release\buffers.obj
e:\workspace\reconstruction\easy3d-main\build\easy3d\renderer\easy3d_renderer.dir\release\read_pixel.obj
e:\workspace\reconstruction\easy3d-main\build\easy3d\renderer\easy3d_renderer.dir\release\shapes.obj
e:\workspace\reconstruction\easy3d-main\build\easy3d\renderer\easy3d_renderer.dir\release\opengl_timer.obj
e:\workspace\reconstruction\easy3d-main\build\easy3d\renderer\cmakefiles\generate.stamp
e:\workspace\reconstruction\easy3d-main\build\lib\release\easy3d_renderer.lib
e:\workspace\reconstruction\easy3d-main\build\easy3d\renderer\easy3d_renderer.dir\release\easy3d_renderer.tlog\cl.command.1.tlog
e:\workspace\reconstruction\easy3d-main\build\easy3d\renderer\easy3d_renderer.dir\release\easy3d_renderer.tlog\cl.read.1.tlog
e:\workspace\reconstruction\easy3d-main\build\easy3d\renderer\easy3d_renderer.dir\release\easy3d_renderer.tlog\cl.write.1.tlog
e:\workspace\reconstruction\easy3d-main\build\easy3d\renderer\easy3d_renderer.dir\release\easy3d_renderer.tlog\custombuild.command.1.tlog
e:\workspace\reconstruction\easy3d-main\build\easy3d\renderer\easy3d_renderer.dir\release\easy3d_renderer.tlog\custombuild.read.1.tlog
e:\workspace\reconstruction\easy3d-main\build\easy3d\renderer\easy3d_renderer.dir\release\easy3d_renderer.tlog\custombuild.write.1.tlog
e:\workspace\reconstruction\easy3d-main\build\easy3d\renderer\easy3d_renderer.dir\release\easy3d_renderer.tlog\lib-link.read.1.tlog
e:\workspace\reconstruction\easy3d-main\build\easy3d\renderer\easy3d_renderer.dir\release\easy3d_renderer.tlog\lib-link.write.1.tlog
e:\workspace\reconstruction\easy3d-main\build\easy3d\renderer\easy3d_renderer.dir\release\easy3d_renderer.tlog\lib.command.1.tlog
